2025-04-15 03:35:57,996 INFO o.a.j.u.JMeterUtils: Setting Locale to en_EN
2025-04-15 03:35:58,006 INFO o.a.j.JMeter: Loading user properties from: /opt/homebrew/Cellar/jmeter/5.6.3/libexec/bin/user.properties
2025-04-15 03:35:58,006 INFO o.a.j.JMeter: Loading system properties from: /opt/homebrew/Cellar/jmeter/5.6.3/libexec/bin/system.properties
2025-04-15 03:35:58,009 INFO o.a.j.JMeter: Copyright (c) 1998-2024 The Apache Software Foundation
2025-04-15 03:35:58,009 INFO o.a.j.JMeter: Version 5.6.3
2025-04-15 03:35:58,009 INFO o.a.j.JMeter: java.version=21.0.6
2025-04-15 03:35:58,009 INFO o.a.j.JMeter: java.vm.name=OpenJDK 64-Bit Server VM
2025-04-15 03:35:58,009 INFO o.a.j.JMeter: os.name=Mac OS X
2025-04-15 03:35:58,009 INFO o.a.j.JMeter: os.arch=aarch64
2025-04-15 03:35:58,009 INFO o.a.j.JMeter: os.version=15.3.2
2025-04-15 03:35:58,009 INFO o.a.j.JMeter: file.encoding=UTF-8
2025-04-15 03:35:58,009 INFO o.a.j.JMeter: java.awt.headless=true
2025-04-15 03:35:58,009 INFO o.a.j.JMeter: Max memory     =1073741824
2025-04-15 03:35:58,009 INFO o.a.j.JMeter: Available Processors =10
2025-04-15 03:35:58,014 INFO o.a.j.JMeter: Default Locale=English (EN)
2025-04-15 03:35:58,014 INFO o.a.j.JMeter: JMeter  Locale=English (EN)
2025-04-15 03:35:58,014 INFO o.a.j.JMeter: JMeterHome=/opt/homebrew/Cellar/jmeter/5.6.3/libexec
2025-04-15 03:35:58,014 INFO o.a.j.JMeter: user.dir  =/Users/hangyeollee/IdeaProjects/Develogram
2025-04-15 03:35:58,014 INFO o.a.j.JMeter: PWD       =/Users/hangyeollee/IdeaProjects/Develogram
2025-04-15 03:35:58,016 INFO o.a.j.JMeter: IP: 127.0.0.1 Name: Hanui-MacBookPro.local FullName: localhost
2025-04-15 03:35:58,021 INFO o.a.j.JMeter: Setting property 'jmeter.reportgenerator.outputdir' to:'/Users/hangyeollee/IdeaProjects/Develogram/loadtest/results/html_report'
2025-04-15 03:35:58,022 INFO o.a.j.s.FileServer: Default base='/Users/hangyeollee/IdeaProjects/Develogram'
2025-04-15 03:35:58,023 INFO o.a.j.s.FileServer: Set new base='/Users/hangyeollee/IdeaProjects/Develogram/loadtest'
2025-04-15 03:35:58,090 INFO o.a.j.s.SaveService: Testplan (JMX) version: 2.2. Testlog (JTL) version: 2.2
2025-04-15 03:35:58,105 INFO o.a.j.s.SaveService: Using SaveService properties version 5.0
2025-04-15 03:35:58,106 INFO o.a.j.s.SaveService: Using SaveService properties file encoding UTF-8
2025-04-15 03:35:58,107 INFO o.a.j.s.SaveService: Loading file: loadtest/post_load_test.jmx
2025-04-15 03:35:58,122 INFO o.a.j.p.h.c.CookieManager: Settings: Delete null: true Check: true Allow variable: true Save: false Prefix: COOKIE_
2025-04-15 03:35:58,132 INFO o.a.j.p.h.s.HTTPSamplerBase: Parser for text/html is org.apache.jmeter.protocol.http.parser.LagartoBasedHtmlParser
2025-04-15 03:35:58,132 INFO o.a.j.p.h.s.HTTPSamplerBase: Parser for application/xhtml+xml is org.apache.jmeter.protocol.http.parser.LagartoBasedHtmlParser
2025-04-15 03:35:58,132 INFO o.a.j.p.h.s.HTTPSamplerBase: Parser for application/xml is org.apache.jmeter.protocol.http.parser.LagartoBasedHtmlParser
2025-04-15 03:35:58,132 INFO o.a.j.p.h.s.HTTPSamplerBase: Parser for text/xml is org.apache.jmeter.protocol.http.parser.LagartoBasedHtmlParser
2025-04-15 03:35:58,132 INFO o.a.j.p.h.s.HTTPSamplerBase: Parser for text/vnd.wap.wml is org.apache.jmeter.protocol.http.parser.RegexpHTMLParser
2025-04-15 03:35:58,132 INFO o.a.j.p.h.s.HTTPSamplerBase: Parser for text/css is org.apache.jmeter.protocol.http.parser.CssParser
2025-04-15 03:35:58,149 INFO o.a.j.JMeter: Creating summariser <summary>
2025-04-15 03:35:58,150 INFO o.a.j.r.d.ReportGenerator: ReportGenerator will use for Parsing the separator: ','
2025-04-15 03:35:58,150 INFO o.a.j.r.d.ReportGenerator: Will generate report at end of test from  results file: loadtest/results/test_result.jtl
2025-04-15 03:35:58,150 INFO o.a.j.r.d.ReportGenerator: Reading report generator properties from: /opt/homebrew/Cellar/jmeter/5.6.3/libexec/bin/reportgenerator.properties
2025-04-15 03:35:58,151 INFO o.a.j.r.d.ReportGenerator: Merging with JMeter properties
2025-04-15 03:35:58,152 INFO o.a.j.r.c.ReportGeneratorConfiguration: Property 'jmeter.reportgenerator.temp_dir' not found, using default value 'temp' instead.
2025-04-15 03:35:58,153 INFO o.a.j.r.c.ReportGeneratorConfiguration: Property 'jmeter.reportgenerator.apdex_per_transaction' not found, using default value 'null' instead.
2025-04-15 03:35:58,153 INFO o.a.j.r.c.ReportGeneratorConfiguration: apdex_per_transaction is empty, not APDEX per transaction customization
2025-04-15 03:35:58,153 INFO o.a.j.r.c.ReportGeneratorConfiguration: Property 'jmeter.reportgenerator.sample_filter' not found, using default value 'null' instead.
2025-04-15 03:35:58,153 INFO o.a.j.r.c.ReportGeneratorConfiguration: Property 'jmeter.reportgenerator.report_title' not found, using default value 'null' instead.
2025-04-15 03:35:58,153 INFO o.a.j.r.c.ReportGeneratorConfiguration: Property 'jmeter.reportgenerator.start_date' not found, using default value 'null' instead.
2025-04-15 03:35:58,153 INFO o.a.j.r.c.ReportGeneratorConfiguration: Property 'jmeter.reportgenerator.end_date' not found, using default value 'null' instead.
2025-04-15 03:35:58,153 INFO o.a.j.r.c.ReportGeneratorConfiguration: Property 'jmeter.reportgenerator.date_format' not found, using default value 'null' instead.
2025-04-15 03:35:58,153 INFO o.a.j.r.c.ReportGeneratorConfiguration: Will use date range start date: null, end date: null
2025-04-15 03:35:58,154 INFO o.a.j.r.c.ReportGeneratorConfiguration: Property 'jmeter.reportgenerator.graph.totalTPS.exclude_controllers' not found, using default value 'false' instead.
2025-04-15 03:35:58,154 INFO o.a.j.r.c.ReportGeneratorConfiguration: Property 'jmeter.reportgenerator.graph.activeThreadsOverTime.exclude_controllers' not found, using default value 'false' instead.
2025-04-15 03:35:58,154 INFO o.a.j.r.c.ReportGeneratorConfiguration: Property 'jmeter.reportgenerator.graph.timeVsThreads.exclude_controllers' not found, using default value 'false' instead.
2025-04-15 03:35:58,154 INFO o.a.j.r.c.ReportGeneratorConfiguration: Property 'jmeter.reportgenerator.graph.responseTimeDistribution.exclude_controllers' not found, using default value 'false' instead.
2025-04-15 03:35:58,154 INFO o.a.j.r.c.ReportGeneratorConfiguration: Property 'jmeter.reportgenerator.graph.transactionsPerSecond.exclude_controllers' not found, using default value 'false' instead.
2025-04-15 03:35:58,154 INFO o.a.j.r.c.ReportGeneratorConfiguration: Property 'jmeter.reportgenerator.graph.responseTimePercentiles.exclude_controllers' not found, using default value 'false' instead.
2025-04-15 03:35:58,154 INFO o.a.j.r.c.ReportGeneratorConfiguration: Property 'jmeter.reportgenerator.graph.responseTimePercentilesOverTime.exclude_controllers' not found, using default value 'false' instead.
2025-04-15 03:35:58,155 INFO o.a.j.r.c.ReportGeneratorConfiguration: Property 'jmeter.reportgenerator.graph.responseTimesOverTime.exclude_controllers' not found, using default value 'false' instead.
2025-04-15 03:35:58,155 INFO o.a.j.r.c.ReportGeneratorConfiguration: Property 'jmeter.reportgenerator.graph.connectTimeOverTime.exclude_controllers' not found, using default value 'false' instead.
2025-04-15 03:35:58,155 INFO o.a.j.r.c.ReportGeneratorConfiguration: Property 'jmeter.reportgenerator.graph.latenciesOverTime.exclude_controllers' not found, using default value 'false' instead.
2025-04-15 03:35:58,155 INFO o.a.j.r.c.ReportGeneratorConfiguration: Property 'jmeter.reportgenerator.exporter.json.filters_only_sample_series' not found, using default value 'true' instead.
2025-04-15 03:35:58,155 INFO o.a.j.r.c.ReportGeneratorConfiguration: Property 'jmeter.reportgenerator.exporter.json.series_filter' not found, using default value '' instead.
2025-04-15 03:35:58,155 INFO o.a.j.r.c.ReportGeneratorConfiguration: Property 'jmeter.reportgenerator.exporter.json.show_controllers_only' not found, using default value 'false' instead.
2025-04-15 03:35:58,155 INFO o.a.j.r.c.ReportGeneratorConfiguration: Property 'jmeter.reportgenerator.exporter.html.filters_only_sample_series' not found, using default value 'true' instead.
2025-04-15 03:35:58,155 INFO o.a.j.r.c.ReportGeneratorConfiguration: Property 'jmeter.reportgenerator.exporter.html.series_filter' not found, using default value '' instead.
2025-04-15 03:35:58,155 INFO o.a.j.r.c.ReportGeneratorConfiguration: Property 'jmeter.reportgenerator.exporter.html.show_controllers_only' not found, using default value 'false' instead.
2025-04-15 03:35:58,161 INFO o.a.j.e.StandardJMeterEngine: Running the test!
2025-04-15 03:35:58,161 INFO o.a.j.s.SampleEvent: List of sample_variables: []
2025-04-15 03:35:58,161 INFO o.a.j.s.SampleEvent: List of sample_variables: []
2025-04-15 03:35:58,163 INFO o.a.j.e.u.CompoundVariable: Note: Function class names must contain the string: '.functions.'
2025-04-15 03:35:58,163 INFO o.a.j.e.u.CompoundVariable: Note: Function class names must not contain the string: '.gui.'
2025-04-15 03:35:58,186 INFO o.a.j.r.ClassFinder: Will scan jar /opt/homebrew/Cellar/jmeter/5.6.3/libexec/lib/ext/jmeter-plugins-manager-1.9.jar with filter ExtendsClassFilter [parents=[interface org.apache.jmeter.functions.Function], inner=false, contains=null, notContains=null]. Consider exposing JMeter plugins via META-INF/services, and add JMeter-Skip-Class-Scanning=true manifest attribute so JMeter can skip classfile scanning
2025-04-15 03:35:58,234 INFO o.a.j.JMeter: Running test (1744655758234)
2025-04-15 03:35:58,242 INFO o.a.j.e.StandardJMeterEngine: Starting ThreadGroup: 1 : Post Load Test Users
2025-04-15 03:35:58,242 INFO o.a.j.e.StandardJMeterEngine: Starting 50 threads for group Post Load Test Users.
2025-04-15 03:35:58,242 INFO o.a.j.e.StandardJMeterEngine: Thread will continue on error
2025-04-15 03:35:58,242 INFO o.a.j.t.ThreadGroup: Starting thread group... number=1 threads=50 ramp-up=10 delayedStart=false
2025-04-15 03:35:58,256 INFO o.a.j.t.ThreadGroup: Started thread group number 1
2025-04-15 03:35:58,256 INFO o.a.j.e.StandardJMeterEngine: All thread groups have been started
2025-04-15 03:35:58,282 INFO o.a.j.t.JMeterThread: Thread started: Post Load Test Users 1-1
2025-04-15 03:35:58,282 INFO o.a.j.s.FileServer: Stored: /Users/hangyeollee/IdeaProjects/Develogram/loadtest/users.csv
2025-04-15 03:35:58,293 INFO o.a.j.p.h.s.HTTPHCAbstractImpl: Local host = Hanui-MacBookPro.local
2025-04-15 03:35:58,295 INFO o.a.j.p.h.s.HTTPHC4Impl: HTTP request retry count = 0
2025-04-15 03:35:58,295 INFO o.a.j.s.SampleResult: Note: Sample TimeStamps are START times
2025-04-15 03:35:58,296 INFO o.a.j.s.SampleResult: sampleresult.default.encoding is set to UTF-8
2025-04-15 03:35:58,296 INFO o.a.j.s.SampleResult: sampleresult.useNanoTime=true
2025-04-15 03:35:58,296 INFO o.a.j.s.SampleResult: sampleresult.nanoThreadSleep=5000
2025-04-15 03:35:58,375 INFO o.a.j.u.JsseSSLManager: Using default SSL protocol: TLS
2025-04-15 03:35:58,375 INFO o.a.j.u.JsseSSLManager: SSL session context: per-thread
2025-04-15 03:35:58,486 INFO o.a.j.t.JMeterThread: Thread started: Post Load Test Users 1-2
2025-04-15 03:35:58,514 WARN o.a.j.p.h.s.HTTPSamplerBase: Existing CookieManager HTTP Cookie Manager superseded by HTTP Cookie Manager
2025-04-15 03:35:58,636 WARN o.a.j.p.h.s.HTTPSamplerBase: Existing CookieManager HTTP Cookie Manager superseded by HTTP Cookie Manager
2025-04-15 03:35:58,671 WARN o.a.j.p.h.s.HTTPSamplerBase: Existing CookieManager HTTP Cookie Manager superseded by HTTP Cookie Manager
2025-04-15 03:35:58,680 INFO o.a.j.t.JMeterThread: Thread started: Post Load Test Users 1-3
2025-04-15 03:35:58,787 WARN o.a.j.p.h.s.HTTPSamplerBase: Existing CookieManager HTTP Cookie Manager superseded by HTTP Cookie Manager
2025-04-15 03:35:58,822 WARN o.a.j.p.h.s.HTTPSamplerBase: Existing CookieManager HTTP Cookie Manager superseded by HTTP Cookie Manager
2025-04-15 03:35:58,835 WARN o.a.j.p.h.s.HTTPSamplerBase: Existing CookieManager HTTP Cookie Manager superseded by HTTP Cookie Manager
2025-04-15 03:35:58,881 INFO o.a.j.t.JMeterThread: Thread started: Post Load Test Users 1-4
2025-04-15 03:35:58,943 WARN o.a.j.p.h.s.HTTPSamplerBase: Existing CookieManager HTTP Cookie Manager superseded by HTTP Cookie Manager
2025-04-15 03:35:58,980 WARN o.a.j.p.h.s.HTTPSamplerBase: Existing CookieManager HTTP Cookie Manager superseded by HTTP Cookie Manager
2025-04-15 03:35:58,991 INFO o.a.j.t.JMeterThread: Thread is done: Post Load Test Users 1-1
2025-04-15 03:35:58,992 INFO o.a.j.t.JMeterThread: Thread finished: Post Load Test Users 1-1
2025-04-15 03:35:58,992 WARN o.a.j.p.h.s.HTTPSamplerBase: Existing CookieManager HTTP Cookie Manager superseded by HTTP Cookie Manager
2025-04-15 03:35:59,040 WARN o.a.j.p.h.s.HTTPSamplerBase: Existing CookieManager HTTP Cookie Manager superseded by HTTP Cookie Manager
2025-04-15 03:35:59,083 INFO o.a.j.t.JMeterThread: Thread started: Post Load Test Users 1-5
2025-04-15 03:35:59,101 WARN o.a.j.p.h.s.HTTPSamplerBase: Existing CookieManager HTTP Cookie Manager superseded by HTTP Cookie Manager
2025-04-15 03:35:59,146 WARN o.a.j.p.h.s.HTTPSamplerBase: Existing CookieManager HTTP Cookie Manager superseded by HTTP Cookie Manager
2025-04-15 03:35:59,214 WARN o.a.j.p.h.s.HTTPSamplerBase: Existing CookieManager HTTP Cookie Manager superseded by HTTP Cookie Manager
2025-04-15 03:35:59,279 INFO o.a.j.t.JMeterThread: Thread started: Post Load Test Users 1-6
2025-04-15 03:35:59,308 WARN o.a.j.p.h.s.HTTPSamplerBase: Existing CookieManager HTTP Cookie Manager superseded by HTTP Cookie Manager
2025-04-15 03:35:59,313 INFO o.a.j.t.JMeterThread: Thread is done: Post Load Test Users 1-2
2025-04-15 03:35:59,313 INFO o.a.j.t.JMeterThread: Thread finished: Post Load Test Users 1-2
2025-04-15 03:35:59,360 WARN o.a.j.p.h.s.HTTPSamplerBase: Existing CookieManager HTTP Cookie Manager superseded by HTTP Cookie Manager
2025-04-15 03:35:59,415 WARN o.a.j.p.h.s.HTTPSamplerBase: Existing CookieManager HTTP Cookie Manager superseded by HTTP Cookie Manager
2025-04-15 03:35:59,447 WARN o.a.j.p.h.s.HTTPSamplerBase: Existing CookieManager HTTP Cookie Manager superseded by HTTP Cookie Manager
2025-04-15 03:35:59,474 WARN o.a.j.p.h.s.HTTPSamplerBase: Existing CookieManager HTTP Cookie Manager superseded by HTTP Cookie Manager
2025-04-15 03:35:59,480 INFO o.a.j.t.JMeterThread: Thread started: Post Load Test Users 1-7
2025-04-15 03:35:59,527 INFO o.a.j.t.JMeterThread: Thread is done: Post Load Test Users 1-3
2025-04-15 03:35:59,527 INFO o.a.j.t.JMeterThread: Thread finished: Post Load Test Users 1-3
2025-04-15 03:35:59,580 WARN o.a.j.p.h.s.HTTPSamplerBase: Existing CookieManager HTTP Cookie Manager superseded by HTTP Cookie Manager
2025-04-15 03:35:59,614 WARN o.a.j.p.h.s.HTTPSamplerBase: Existing CookieManager HTTP Cookie Manager superseded by HTTP Cookie Manager
2025-04-15 03:35:59,636 WARN o.a.j.p.h.s.HTTPSamplerBase: Existing CookieManager HTTP Cookie Manager superseded by HTTP Cookie Manager
2025-04-15 03:35:59,648 WARN o.a.j.p.h.s.HTTPSamplerBase: Existing CookieManager HTTP Cookie Manager superseded by HTTP Cookie Manager
2025-04-15 03:35:59,684 INFO o.a.j.t.JMeterThread: Thread started: Post Load Test Users 1-8
2025-04-15 03:35:59,741 INFO o.a.j.t.JMeterThread: Thread is done: Post Load Test Users 1-4
2025-04-15 03:35:59,741 INFO o.a.j.t.JMeterThread: Thread finished: Post Load Test Users 1-4
2025-04-15 03:35:59,780 WARN o.a.j.p.h.s.HTTPSamplerBase: Existing CookieManager HTTP Cookie Manager superseded by HTTP Cookie Manager
2025-04-15 03:35:59,799 WARN o.a.j.p.h.s.HTTPSamplerBase: Existing CookieManager HTTP Cookie Manager superseded by HTTP Cookie Manager
2025-04-15 03:35:59,812 WARN o.a.j.p.h.s.HTTPSamplerBase: Existing CookieManager HTTP Cookie Manager superseded by HTTP Cookie Manager
2025-04-15 03:35:59,853 WARN o.a.j.p.h.s.HTTPSamplerBase: Existing CookieManager HTTP Cookie Manager superseded by HTTP Cookie Manager
2025-04-15 03:35:59,879 INFO o.a.j.t.JMeterThread: Thread started: Post Load Test Users 1-9
2025-04-15 03:35:59,958 WARN o.a.j.p.h.s.HTTPSamplerBase: Existing CookieManager HTTP Cookie Manager superseded by HTTP Cookie Manager
2025-04-15 03:35:59,976 INFO o.a.j.t.JMeterThread: Thread is done: Post Load Test Users 1-5
2025-04-15 03:35:59,977 INFO o.a.j.t.JMeterThread: Thread finished: Post Load Test Users 1-5
2025-04-15 03:35:59,981 WARN o.a.j.p.h.s.HTTPSamplerBase: Existing CookieManager HTTP Cookie Manager superseded by HTTP Cookie Manager
2025-04-15 03:36:00,009 INFO o.a.j.r.Summariser: summary +    199 in 00:00:02 =  112.2/s Avg:    27 Min:     1 Max:   194 Err:     6 (3.02%) Active: 4 Started: 9 Finished: 5
2025-04-15 03:36:00,026 WARN o.a.j.p.h.s.HTTPSamplerBase: Existing CookieManager HTTP Cookie Manager superseded by HTTP Cookie Manager
2025-04-15 03:36:00,049 WARN o.a.j.p.h.s.HTTPSamplerBase: Existing CookieManager HTTP Cookie Manager superseded by HTTP Cookie Manager
2025-04-15 03:36:00,082 INFO o.a.j.t.JMeterThread: Thread started: Post Load Test Users 1-10
2025-04-15 03:36:00,127 INFO o.a.j.t.JMeterThread: Thread is done: Post Load Test Users 1-6
2025-04-15 03:36:00,127 INFO o.a.j.t.JMeterThread: Thread finished: Post Load Test Users 1-6
2025-04-15 03:36:00,150 WARN o.a.j.p.h.s.HTTPSamplerBase: Existing CookieManager HTTP Cookie Manager superseded by HTTP Cookie Manager
2025-04-15 03:36:00,200 WARN o.a.j.p.h.s.HTTPSamplerBase: Existing CookieManager HTTP Cookie Manager superseded by HTTP Cookie Manager
2025-04-15 03:36:00,220 WARN o.a.j.p.h.s.HTTPSamplerBase: Existing CookieManager HTTP Cookie Manager superseded by HTTP Cookie Manager
2025-04-15 03:36:00,253 WARN o.a.j.p.h.s.HTTPSamplerBase: Existing CookieManager HTTP Cookie Manager superseded by HTTP Cookie Manager
2025-04-15 03:36:00,282 INFO o.a.j.t.JMeterThread: Thread started: Post Load Test Users 1-11
2025-04-15 03:36:00,318 INFO o.a.j.t.JMeterThread: Thread is done: Post Load Test Users 1-7
2025-04-15 03:36:00,318 INFO o.a.j.t.JMeterThread: Thread finished: Post Load Test Users 1-7
2025-04-15 03:36:00,379 WARN o.a.j.p.h.s.HTTPSamplerBase: Existing CookieManager HTTP Cookie Manager superseded by HTTP Cookie Manager
2025-04-15 03:36:00,392 WARN o.a.j.p.h.s.HTTPSamplerBase: Existing CookieManager HTTP Cookie Manager superseded by HTTP Cookie Manager
2025-04-15 03:36:00,431 WARN o.a.j.p.h.s.HTTPSamplerBase: Existing CookieManager HTTP Cookie Manager superseded by HTTP Cookie Manager
2025-04-15 03:36:00,459 WARN o.a.j.p.h.s.HTTPSamplerBase: Existing CookieManager HTTP Cookie Manager superseded by HTTP Cookie Manager
2025-04-15 03:36:00,480 INFO o.a.j.t.JMeterThread: Thread started: Post Load Test Users 1-12
2025-04-15 03:36:00,550 INFO o.a.j.t.JMeterThread: Thread is done: Post Load Test Users 1-8
2025-04-15 03:36:00,550 INFO o.a.j.t.JMeterThread: Thread finished: Post Load Test Users 1-8
2025-04-15 03:36:00,558 WARN o.a.j.p.h.s.HTTPSamplerBase: Existing CookieManager HTTP Cookie Manager superseded by HTTP Cookie Manager
2025-04-15 03:36:00,589 WARN o.a.j.p.h.s.HTTPSamplerBase: Existing CookieManager HTTP Cookie Manager superseded by HTTP Cookie Manager
2025-04-15 03:36:00,628 WARN o.a.j.p.h.s.HTTPSamplerBase: Existing CookieManager HTTP Cookie Manager superseded by HTTP Cookie Manager
2025-04-15 03:36:00,647 WARN o.a.j.p.h.s.HTTPSamplerBase: Existing CookieManager HTTP Cookie Manager superseded by HTTP Cookie Manager
2025-04-15 03:36:00,681 INFO o.a.j.t.JMeterThread: Thread started: Post Load Test Users 1-13
2025-04-15 03:36:00,717 INFO o.a.j.t.JMeterThread: Thread is done: Post Load Test Users 1-9
2025-04-15 03:36:00,717 INFO o.a.j.t.JMeterThread: Thread finished: Post Load Test Users 1-9
2025-04-15 03:36:00,754 WARN o.a.j.p.h.s.HTTPSamplerBase: Existing CookieManager HTTP Cookie Manager superseded by HTTP Cookie Manager
2025-04-15 03:36:00,790 WARN o.a.j.p.h.s.HTTPSamplerBase: Existing CookieManager HTTP Cookie Manager superseded by HTTP Cookie Manager
2025-04-15 03:36:00,829 WARN o.a.j.p.h.s.HTTPSamplerBase: Existing CookieManager HTTP Cookie Manager superseded by HTTP Cookie Manager
2025-04-15 03:36:00,847 WARN o.a.j.p.h.s.HTTPSamplerBase: Existing CookieManager HTTP Cookie Manager superseded by HTTP Cookie Manager
2025-04-15 03:36:00,878 INFO o.a.j.t.JMeterThread: Thread started: Post Load Test Users 1-14
2025-04-15 03:36:00,920 INFO o.a.j.t.JMeterThread: Thread is done: Post Load Test Users 1-10
2025-04-15 03:36:00,920 INFO o.a.j.t.JMeterThread: Thread finished: Post Load Test Users 1-10
2025-04-15 03:36:00,955 WARN o.a.j.p.h.s.HTTPSamplerBase: Existing CookieManager HTTP Cookie Manager superseded by HTTP Cookie Manager
2025-04-15 03:36:00,987 WARN o.a.j.p.h.s.HTTPSamplerBase: Existing CookieManager HTTP Cookie Manager superseded by HTTP Cookie Manager
2025-04-15 03:36:01,013 WARN o.a.j.p.h.s.HTTPSamplerBase: Existing CookieManager HTTP Cookie Manager superseded by HTTP Cookie Manager
2025-04-15 03:36:01,055 WARN o.a.j.p.h.s.HTTPSamplerBase: Existing CookieManager HTTP Cookie Manager superseded by HTTP Cookie Manager
2025-04-15 03:36:01,080 INFO o.a.j.t.JMeterThread: Thread started: Post Load Test Users 1-15
2025-04-15 03:36:01,133 INFO o.a.j.t.JMeterThread: Thread is done: Post Load Test Users 1-11
2025-04-15 03:36:01,133 INFO o.a.j.t.JMeterThread: Thread finished: Post Load Test Users 1-11
2025-04-15 03:36:01,153 WARN o.a.j.p.h.s.HTTPSamplerBase: Existing CookieManager HTTP Cookie Manager superseded by HTTP Cookie Manager
2025-04-15 03:36:01,199 WARN o.a.j.p.h.s.HTTPSamplerBase: Existing CookieManager HTTP Cookie Manager superseded by HTTP Cookie Manager
2025-04-15 03:36:01,217 WARN o.a.j.p.h.s.HTTPSamplerBase: Existing CookieManager HTTP Cookie Manager superseded by HTTP Cookie Manager
2025-04-15 03:36:01,254 WARN o.a.j.p.h.s.HTTPSamplerBase: Existing CookieManager HTTP Cookie Manager superseded by HTTP Cookie Manager
2025-04-15 03:36:01,274 INFO o.a.j.t.JMeterThread: Thread started: Post Load Test Users 1-16
2025-04-15 03:36:01,324 INFO o.a.j.t.JMeterThread: Thread is done: Post Load Test Users 1-12
2025-04-15 03:36:01,325 INFO o.a.j.t.JMeterThread: Thread finished: Post Load Test Users 1-12
2025-04-15 03:36:01,361 WARN o.a.j.p.h.s.HTTPSamplerBase: Existing CookieManager HTTP Cookie Manager superseded by HTTP Cookie Manager
2025-04-15 03:36:01,390 WARN o.a.j.p.h.s.HTTPSamplerBase: Existing CookieManager HTTP Cookie Manager superseded by HTTP Cookie Manager
2025-04-15 03:36:01,417 WARN o.a.j.p.h.s.HTTPSamplerBase: Existing CookieManager HTTP Cookie Manager superseded by HTTP Cookie Manager
2025-04-15 03:36:01,436 WARN o.a.j.p.h.s.HTTPSamplerBase: Existing CookieManager HTTP Cookie Manager superseded by HTTP Cookie Manager
2025-04-15 03:36:01,479 INFO o.a.j.t.JMeterThread: Thread started: Post Load Test Users 1-17
2025-04-15 03:36:01,533 INFO o.a.j.t.JMeterThread: Thread is done: Post Load Test Users 1-13
2025-04-15 03:36:01,533 INFO o.a.j.t.JMeterThread: Thread finished: Post Load Test Users 1-13
2025-04-15 03:36:01,559 WARN o.a.j.p.h.s.HTTPSamplerBase: Existing CookieManager HTTP Cookie Manager superseded by HTTP Cookie Manager
2025-04-15 03:36:01,581 WARN o.a.j.p.h.s.HTTPSamplerBase: Existing CookieManager HTTP Cookie Manager superseded by HTTP Cookie Manager
2025-04-15 03:36:01,595 WARN o.a.j.p.h.s.HTTPSamplerBase: Existing CookieManager HTTP Cookie Manager superseded by HTTP Cookie Manager
2025-04-15 03:36:01,639 WARN o.a.j.p.h.s.HTTPSamplerBase: Existing CookieManager HTTP Cookie Manager superseded by HTTP Cookie Manager
2025-04-15 03:36:01,679 INFO o.a.j.t.JMeterThread: Thread started: Post Load Test Users 1-18
2025-04-15 03:36:01,723 INFO o.a.j.t.JMeterThread: Thread is done: Post Load Test Users 1-14
2025-04-15 03:36:01,723 INFO o.a.j.t.JMeterThread: Thread finished: Post Load Test Users 1-14
2025-04-15 03:36:01,748 WARN o.a.j.p.h.s.HTTPSamplerBase: Existing CookieManager HTTP Cookie Manager superseded by HTTP Cookie Manager
2025-04-15 03:36:01,752 WARN o.a.j.p.h.s.HTTPSamplerBase: Existing CookieManager HTTP Cookie Manager superseded by HTTP Cookie Manager
2025-04-15 03:36:01,807 WARN o.a.j.p.h.s.HTTPSamplerBase: Existing CookieManager HTTP Cookie Manager superseded by HTTP Cookie Manager
2025-04-15 03:36:01,834 WARN o.a.j.p.h.s.HTTPSamplerBase: Existing CookieManager HTTP Cookie Manager superseded by HTTP Cookie Manager
2025-04-15 03:36:01,878 INFO o.a.j.t.JMeterThread: Thread started: Post Load Test Users 1-19
2025-04-15 03:36:01,912 INFO o.a.j.t.JMeterThread: Thread is done: Post Load Test Users 1-15
2025-04-15 03:36:01,912 INFO o.a.j.t.JMeterThread: Thread finished: Post Load Test Users 1-15
2025-04-15 03:36:01,915 WARN o.a.j.p.h.s.HTTPSamplerBase: Existing CookieManager HTTP Cookie Manager superseded by HTTP Cookie Manager
2025-04-15 03:36:01,966 WARN o.a.j.p.h.s.HTTPSamplerBase: Existing CookieManager HTTP Cookie Manager superseded by HTTP Cookie Manager
2025-04-15 03:36:01,992 WARN o.a.j.p.h.s.HTTPSamplerBase: Existing CookieManager HTTP Cookie Manager superseded by HTTP Cookie Manager
2025-04-15 03:36:02,036 WARN o.a.j.p.h.s.HTTPSamplerBase: Existing CookieManager HTTP Cookie Manager superseded by HTTP Cookie Manager
2025-04-15 03:36:02,077 INFO o.a.j.t.JMeterThread: Thread started: Post Load Test Users 1-20
2025-04-15 03:36:02,083 INFO o.a.j.t.JMeterThread: Thread is done: Post Load Test Users 1-16
2025-04-15 03:36:02,083 INFO o.a.j.t.JMeterThread: Thread finished: Post Load Test Users 1-16
2025-04-15 03:36:02,131 WARN o.a.j.p.h.s.HTTPSamplerBase: Existing CookieManager HTTP Cookie Manager superseded by HTTP Cookie Manager
2025-04-15 03:36:02,160 WARN o.a.j.p.h.s.HTTPSamplerBase: Existing CookieManager HTTP Cookie Manager superseded by HTTP Cookie Manager
2025-04-15 03:36:02,198 WARN o.a.j.p.h.s.HTTPSamplerBase: Existing CookieManager HTTP Cookie Manager superseded by HTTP Cookie Manager
2025-04-15 03:36:02,245 WARN o.a.j.p.h.s.HTTPSamplerBase: Existing CookieManager HTTP Cookie Manager superseded by HTTP Cookie Manager
2025-04-15 03:36:02,276 INFO o.a.j.t.JMeterThread: Thread started: Post Load Test Users 1-21
2025-04-15 03:36:02,294 INFO o.a.j.t.JMeterThread: Thread is done: Post Load Test Users 1-17
2025-04-15 03:36:02,294 INFO o.a.j.t.JMeterThread: Thread finished: Post Load Test Users 1-17
2025-04-15 03:36:02,319 WARN o.a.j.p.h.s.HTTPSamplerBase: Existing CookieManager HTTP Cookie Manager superseded by HTTP Cookie Manager
2025-04-15 03:36:02,365 WARN o.a.j.p.h.s.HTTPSamplerBase: Existing CookieManager HTTP Cookie Manager superseded by HTTP Cookie Manager
2025-04-15 03:36:02,408 WARN o.a.j.p.h.s.HTTPSamplerBase: Existing CookieManager HTTP Cookie Manager superseded by HTTP Cookie Manager
2025-04-15 03:36:02,439 WARN o.a.j.p.h.s.HTTPSamplerBase: Existing CookieManager HTTP Cookie Manager superseded by HTTP Cookie Manager
2025-04-15 03:36:02,474 INFO o.a.j.t.JMeterThread: Thread started: Post Load Test Users 1-22
2025-04-15 03:36:02,481 INFO o.a.j.t.JMeterThread: Thread is done: Post Load Test Users 1-18
2025-04-15 03:36:02,481 INFO o.a.j.t.JMeterThread: Thread finished: Post Load Test Users 1-18
2025-04-15 03:36:02,518 WARN o.a.j.p.h.s.HTTPSamplerBase: Existing CookieManager HTTP Cookie Manager superseded by HTTP Cookie Manager
2025-04-15 03:36:02,574 WARN o.a.j.p.h.s.HTTPSamplerBase: Existing CookieManager HTTP Cookie Manager superseded by HTTP Cookie Manager
2025-04-15 03:36:02,602 WARN o.a.j.p.h.s.HTTPSamplerBase: Existing CookieManager HTTP Cookie Manager superseded by HTTP Cookie Manager
2025-04-15 03:36:02,631 WARN o.a.j.p.h.s.HTTPSamplerBase: Existing CookieManager HTTP Cookie Manager superseded by HTTP Cookie Manager
2025-04-15 03:36:02,676 INFO o.a.j.t.JMeterThread: Thread is done: Post Load Test Users 1-19
2025-04-15 03:36:02,676 INFO o.a.j.t.JMeterThread: Thread finished: Post Load Test Users 1-19
2025-04-15 03:36:02,677 INFO o.a.j.t.JMeterThread: Thread started: Post Load Test Users 1-23
2025-04-15 03:36:02,726 WARN o.a.j.p.h.s.HTTPSamplerBase: Existing CookieManager HTTP Cookie Manager superseded by HTTP Cookie Manager
2025-04-15 03:36:02,754 WARN o.a.j.p.h.s.HTTPSamplerBase: Existing CookieManager HTTP Cookie Manager superseded by HTTP Cookie Manager
2025-04-15 03:36:02,793 WARN o.a.j.p.h.s.HTTPSamplerBase: Existing CookieManager HTTP Cookie Manager superseded by HTTP Cookie Manager
2025-04-15 03:36:02,846 WARN o.a.j.p.h.s.HTTPSamplerBase: Existing CookieManager HTTP Cookie Manager superseded by HTTP Cookie Manager
2025-04-15 03:36:02,878 INFO o.a.j.t.JMeterThread: Thread started: Post Load Test Users 1-24
2025-04-15 03:36:02,892 INFO o.a.j.t.JMeterThread: Thread is done: Post Load Test Users 1-20
2025-04-15 03:36:02,892 INFO o.a.j.t.JMeterThread: Thread finished: Post Load Test Users 1-20
2025-04-15 03:36:02,932 WARN o.a.j.p.h.s.HTTPSamplerBase: Existing CookieManager HTTP Cookie Manager superseded by HTTP Cookie Manager
2025-04-15 03:36:02,967 WARN o.a.j.p.h.s.HTTPSamplerBase: Existing CookieManager HTTP Cookie Manager superseded by HTTP Cookie Manager
2025-04-15 03:36:03,009 WARN o.a.j.p.h.s.HTTPSamplerBase: Existing CookieManager HTTP Cookie Manager superseded by HTTP Cookie Manager
2025-04-15 03:36:03,037 WARN o.a.j.p.h.s.HTTPSamplerBase: Existing CookieManager HTTP Cookie Manager superseded by HTTP Cookie Manager
2025-04-15 03:36:03,076 INFO o.a.j.t.JMeterThread: Thread started: Post Load Test Users 1-25
2025-04-15 03:36:03,093 INFO o.a.j.t.JMeterThread: Thread is done: Post Load Test Users 1-21
2025-04-15 03:36:03,094 INFO o.a.j.t.JMeterThread: Thread finished: Post Load Test Users 1-21
2025-04-15 03:36:03,119 WARN o.a.j.p.h.s.HTTPSamplerBase: Existing CookieManager HTTP Cookie Manager superseded by HTTP Cookie Manager
2025-04-15 03:36:03,174 WARN o.a.j.p.h.s.HTTPSamplerBase: Existing CookieManager HTTP Cookie Manager superseded by HTTP Cookie Manager
2025-04-15 03:36:03,199 WARN o.a.j.p.h.s.HTTPSamplerBase: Existing CookieManager HTTP Cookie Manager superseded by HTTP Cookie Manager
2025-04-15 03:36:03,238 WARN o.a.j.p.h.s.HTTPSamplerBase: Existing CookieManager HTTP Cookie Manager superseded by HTTP Cookie Manager
2025-04-15 03:36:03,273 INFO o.a.j.t.JMeterThread: Thread is done: Post Load Test Users 1-22
2025-04-15 03:36:03,273 INFO o.a.j.t.JMeterThread: Thread finished: Post Load Test Users 1-22
2025-04-15 03:36:03,276 INFO o.a.j.t.JMeterThread: Thread started: Post Load Test Users 1-26
2025-04-15 03:36:03,331 WARN o.a.j.p.h.s.HTTPSamplerBase: Existing CookieManager HTTP Cookie Manager superseded by HTTP Cookie Manager
2025-04-15 03:36:03,365 WARN o.a.j.p.h.s.HTTPSamplerBase: Existing CookieManager HTTP Cookie Manager superseded by HTTP Cookie Manager
2025-04-15 03:36:03,405 WARN o.a.j.p.h.s.HTTPSamplerBase: Existing CookieManager HTTP Cookie Manager superseded by HTTP Cookie Manager
2025-04-15 03:36:03,448 WARN o.a.j.p.h.s.HTTPSamplerBase: Existing CookieManager HTTP Cookie Manager superseded by HTTP Cookie Manager
2025-04-15 03:36:03,473 INFO o.a.j.t.JMeterThread: Thread started: Post Load Test Users 1-27
2025-04-15 03:36:03,492 INFO o.a.j.t.JMeterThread: Thread is done: Post Load Test Users 1-23
2025-04-15 03:36:03,492 INFO o.a.j.t.JMeterThread: Thread finished: Post Load Test Users 1-23
2025-04-15 03:36:03,533 WARN o.a.j.p.h.s.HTTPSamplerBase: Existing CookieManager HTTP Cookie Manager superseded by HTTP Cookie Manager
2025-04-15 03:36:03,570 WARN o.a.j.p.h.s.HTTPSamplerBase: Existing CookieManager HTTP Cookie Manager superseded by HTTP Cookie Manager
2025-04-15 03:36:03,610 WARN o.a.j.p.h.s.HTTPSamplerBase: Existing CookieManager HTTP Cookie Manager superseded by HTTP Cookie Manager
2025-04-15 03:36:03,633 WARN o.a.j.p.h.s.HTTPSamplerBase: Existing CookieManager HTTP Cookie Manager superseded by HTTP Cookie Manager
2025-04-15 03:36:03,674 INFO o.a.j.t.JMeterThread: Thread started: Post Load Test Users 1-28
2025-04-15 03:36:03,696 INFO o.a.j.t.JMeterThread: Thread is done: Post Load Test Users 1-24
2025-04-15 03:36:03,696 INFO o.a.j.t.JMeterThread: Thread finished: Post Load Test Users 1-24
2025-04-15 03:36:03,730 WARN o.a.j.p.h.s.HTTPSamplerBase: Existing CookieManager HTTP Cookie Manager superseded by HTTP Cookie Manager
2025-04-15 03:36:03,768 WARN o.a.j.p.h.s.HTTPSamplerBase: Existing CookieManager HTTP Cookie Manager superseded by HTTP Cookie Manager
2025-04-15 03:36:03,798 WARN o.a.j.p.h.s.HTTPSamplerBase: Existing CookieManager HTTP Cookie Manager superseded by HTTP Cookie Manager
2025-04-15 03:36:03,839 WARN o.a.j.p.h.s.HTTPSamplerBase: Existing CookieManager HTTP Cookie Manager superseded by HTTP Cookie Manager
2025-04-15 03:36:03,875 INFO o.a.j.t.JMeterThread: Thread started: Post Load Test Users 1-29
2025-04-15 03:36:03,889 INFO o.a.j.t.JMeterThread: Thread is done: Post Load Test Users 1-25
2025-04-15 03:36:03,889 INFO o.a.j.t.JMeterThread: Thread finished: Post Load Test Users 1-25
2025-04-15 03:36:03,928 WARN o.a.j.p.h.s.HTTPSamplerBase: Existing CookieManager HTTP Cookie Manager superseded by HTTP Cookie Manager
2025-04-15 03:36:03,959 WARN o.a.j.p.h.s.HTTPSamplerBase: Existing CookieManager HTTP Cookie Manager superseded by HTTP Cookie Manager
2025-04-15 03:36:04,008 WARN o.a.j.p.h.s.HTTPSamplerBase: Existing CookieManager HTTP Cookie Manager superseded by HTTP Cookie Manager
2025-04-15 03:36:04,051 WARN o.a.j.p.h.s.HTTPSamplerBase: Existing CookieManager HTTP Cookie Manager superseded by HTTP Cookie Manager
2025-04-15 03:36:04,075 INFO o.a.j.t.JMeterThread: Thread started: Post Load Test Users 1-30
2025-04-15 03:36:04,113 INFO o.a.j.t.JMeterThread: Thread is done: Post Load Test Users 1-26
2025-04-15 03:36:04,114 INFO o.a.j.t.JMeterThread: Thread finished: Post Load Test Users 1-26
2025-04-15 03:36:04,164 WARN o.a.j.p.h.s.HTTPSamplerBase: Existing CookieManager HTTP Cookie Manager superseded by HTTP Cookie Manager
2025-04-15 03:36:04,236 WARN o.a.j.p.h.s.HTTPSamplerBase: Existing CookieManager HTTP Cookie Manager superseded by HTTP Cookie Manager
2025-04-15 03:36:04,273 INFO o.a.j.t.JMeterThread: Thread started: Post Load Test Users 1-31
2025-04-15 03:36:04,287 WARN o.a.j.p.h.s.HTTPSamplerBase: Existing CookieManager HTTP Cookie Manager superseded by HTTP Cookie Manager
2025-04-15 03:36:04,287 WARN o.a.j.p.h.s.HTTPSamplerBase: Existing CookieManager HTTP Cookie Manager superseded by HTTP Cookie Manager
2025-04-15 03:36:04,388 INFO o.a.j.t.JMeterThread: Thread is done: Post Load Test Users 1-27
2025-04-15 03:36:04,388 INFO o.a.j.t.JMeterThread: Thread finished: Post Load Test Users 1-27
2025-04-15 03:36:04,395 WARN o.a.j.p.h.s.HTTPSamplerBase: Existing CookieManager HTTP Cookie Manager superseded by HTTP Cookie Manager
2025-04-15 03:36:04,439 WARN o.a.j.p.h.s.HTTPSamplerBase: Existing CookieManager HTTP Cookie Manager superseded by HTTP Cookie Manager
2025-04-15 03:36:04,446 WARN o.a.j.p.h.s.HTTPSamplerBase: Existing CookieManager HTTP Cookie Manager superseded by HTTP Cookie Manager
2025-04-15 03:36:04,454 WARN o.a.j.p.h.s.HTTPSamplerBase: Existing CookieManager HTTP Cookie Manager superseded by HTTP Cookie Manager
2025-04-15 03:36:04,474 INFO o.a.j.t.JMeterThread: Thread started: Post Load Test Users 1-32
2025-04-15 03:36:04,566 INFO o.a.j.t.JMeterThread: Thread is done: Post Load Test Users 1-28
2025-04-15 03:36:04,566 INFO o.a.j.t.JMeterThread: Thread finished: Post Load Test Users 1-28
2025-04-15 03:36:04,594 WARN o.a.j.p.h.s.HTTPSamplerBase: Existing CookieManager HTTP Cookie Manager superseded by HTTP Cookie Manager
2025-04-15 03:36:04,607 WARN o.a.j.p.h.s.HTTPSamplerBase: Existing CookieManager HTTP Cookie Manager superseded by HTTP Cookie Manager
2025-04-15 03:36:04,611 WARN o.a.j.p.h.s.HTTPSamplerBase: Existing CookieManager HTTP Cookie Manager superseded by HTTP Cookie Manager
2025-04-15 03:36:04,645 WARN o.a.j.p.h.s.HTTPSamplerBase: Existing CookieManager HTTP Cookie Manager superseded by HTTP Cookie Manager
2025-04-15 03:36:04,675 INFO o.a.j.t.JMeterThread: Thread started: Post Load Test Users 1-33
2025-04-15 03:36:04,767 WARN o.a.j.p.h.s.HTTPSamplerBase: Existing CookieManager HTTP Cookie Manager superseded by HTTP Cookie Manager
2025-04-15 03:36:04,774 INFO o.a.j.t.JMeterThread: Thread is done: Post Load Test Users 1-29
2025-04-15 03:36:04,774 INFO o.a.j.t.JMeterThread: Thread finished: Post Load Test Users 1-29
2025-04-15 03:36:04,776 WARN o.a.j.p.h.s.HTTPSamplerBase: Existing CookieManager HTTP Cookie Manager superseded by HTTP Cookie Manager
2025-04-15 03:36:04,819 WARN o.a.j.p.h.s.HTTPSamplerBase: Existing CookieManager HTTP Cookie Manager superseded by HTTP Cookie Manager
2025-04-15 03:36:04,848 WARN o.a.j.p.h.s.HTTPSamplerBase: Existing CookieManager HTTP Cookie Manager superseded by HTTP Cookie Manager
2025-04-15 03:36:04,871 INFO o.a.j.t.JMeterThread: Thread started: Post Load Test Users 1-34
2025-04-15 03:36:04,930 WARN o.a.j.p.h.s.HTTPSamplerBase: Existing CookieManager HTTP Cookie Manager superseded by HTTP Cookie Manager
2025-04-15 03:36:04,941 INFO o.a.j.t.JMeterThread: Thread is done: Post Load Test Users 1-30
2025-04-15 03:36:04,941 INFO o.a.j.t.JMeterThread: Thread finished: Post Load Test Users 1-30
2025-04-15 03:36:04,987 WARN o.a.j.p.h.s.HTTPSamplerBase: Existing CookieManager HTTP Cookie Manager superseded by HTTP Cookie Manager
2025-04-15 03:36:05,001 WARN o.a.j.p.h.s.HTTPSamplerBase: Existing CookieManager HTTP Cookie Manager superseded by HTTP Cookie Manager
2025-04-15 03:36:05,027 WARN o.a.j.p.h.s.HTTPSamplerBase: Existing CookieManager HTTP Cookie Manager superseded by HTTP Cookie Manager
2025-04-15 03:36:05,075 INFO o.a.j.t.JMeterThread: Thread started: Post Load Test Users 1-35
2025-04-15 03:36:05,090 INFO o.a.j.t.JMeterThread: Thread is done: Post Load Test Users 1-31
2025-04-15 03:36:05,090 INFO o.a.j.t.JMeterThread: Thread finished: Post Load Test Users 1-31
2025-04-15 03:36:05,154 WARN o.a.j.p.h.s.HTTPSamplerBase: Existing CookieManager HTTP Cookie Manager superseded by HTTP Cookie Manager
2025-04-15 03:36:05,162 WARN o.a.j.p.h.s.HTTPSamplerBase: Existing CookieManager HTTP Cookie Manager superseded by HTTP Cookie Manager
2025-04-15 03:36:05,185 WARN o.a.j.p.h.s.HTTPSamplerBase: Existing CookieManager HTTP Cookie Manager superseded by HTTP Cookie Manager
2025-04-15 03:36:05,235 WARN o.a.j.p.h.s.HTTPSamplerBase: Existing CookieManager HTTP Cookie Manager superseded by HTTP Cookie Manager
2025-04-15 03:36:05,273 INFO o.a.j.t.JMeterThread: Thread started: Post Load Test Users 1-36
2025-04-15 03:36:05,322 INFO o.a.j.t.JMeterThread: Thread is done: Post Load Test Users 1-32
2025-04-15 03:36:05,322 INFO o.a.j.t.JMeterThread: Thread finished: Post Load Test Users 1-32
2025-04-15 03:36:05,329 WARN o.a.j.p.h.s.HTTPSamplerBase: Existing CookieManager HTTP Cookie Manager superseded by HTTP Cookie Manager
2025-04-15 03:36:05,350 WARN o.a.j.p.h.s.HTTPSamplerBase: Existing CookieManager HTTP Cookie Manager superseded by HTTP Cookie Manager
2025-04-15 03:36:05,395 WARN o.a.j.p.h.s.HTTPSamplerBase: Existing CookieManager HTTP Cookie Manager superseded by HTTP Cookie Manager
2025-04-15 03:36:05,428 WARN o.a.j.p.h.s.HTTPSamplerBase: Existing CookieManager HTTP Cookie Manager superseded by HTTP Cookie Manager
2025-04-15 03:36:05,474 INFO o.a.j.t.JMeterThread: Thread started: Post Load Test Users 1-37
2025-04-15 03:36:05,493 INFO o.a.j.t.JMeterThread: Thread is done: Post Load Test Users 1-33
2025-04-15 03:36:05,493 INFO o.a.j.t.JMeterThread: Thread finished: Post Load Test Users 1-33
2025-04-15 03:36:05,510 WARN o.a.j.p.h.s.HTTPSamplerBase: Existing CookieManager HTTP Cookie Manager superseded by HTTP Cookie Manager
2025-04-15 03:36:05,554 WARN o.a.j.p.h.s.HTTPSamplerBase: Existing CookieManager HTTP Cookie Manager superseded by HTTP Cookie Manager
2025-04-15 03:36:05,578 WARN o.a.j.p.h.s.HTTPSamplerBase: Existing CookieManager HTTP Cookie Manager superseded by HTTP Cookie Manager
2025-04-15 03:36:05,631 WARN o.a.j.p.h.s.HTTPSamplerBase: Existing CookieManager HTTP Cookie Manager superseded by HTTP Cookie Manager
2025-04-15 03:36:05,658 INFO o.a.j.t.JMeterThread: Thread is done: Post Load Test Users 1-34
2025-04-15 03:36:05,658 INFO o.a.j.t.JMeterThread: Thread finished: Post Load Test Users 1-34
2025-04-15 03:36:05,677 INFO o.a.j.t.JMeterThread: Thread started: Post Load Test Users 1-38
2025-04-15 03:36:05,715 WARN o.a.j.p.h.s.HTTPSamplerBase: Existing CookieManager HTTP Cookie Manager superseded by HTTP Cookie Manager
2025-04-15 03:36:05,737 WARN o.a.j.p.h.s.HTTPSamplerBase: Existing CookieManager HTTP Cookie Manager superseded by HTTP Cookie Manager
2025-04-15 03:36:05,795 WARN o.a.j.p.h.s.HTTPSamplerBase: Existing CookieManager HTTP Cookie Manager superseded by HTTP Cookie Manager
2025-04-15 03:36:05,837 WARN o.a.j.p.h.s.HTTPSamplerBase: Existing CookieManager HTTP Cookie Manager superseded by HTTP Cookie Manager
2025-04-15 03:36:05,875 INFO o.a.j.t.JMeterThread: Thread started: Post Load Test Users 1-39
2025-04-15 03:36:05,879 INFO o.a.j.t.JMeterThread: Thread is done: Post Load Test Users 1-35
2025-04-15 03:36:05,879 INFO o.a.j.t.JMeterThread: Thread finished: Post Load Test Users 1-35
2025-04-15 03:36:05,892 WARN o.a.j.p.h.s.HTTPSamplerBase: Existing CookieManager HTTP Cookie Manager superseded by HTTP Cookie Manager
2025-04-15 03:36:05,956 WARN o.a.j.p.h.s.HTTPSamplerBase: Existing CookieManager HTTP Cookie Manager superseded by HTTP Cookie Manager
2025-04-15 03:36:06,002 WARN o.a.j.p.h.s.HTTPSamplerBase: Existing CookieManager HTTP Cookie Manager superseded by HTTP Cookie Manager
2025-04-15 03:36:06,029 WARN o.a.j.p.h.s.HTTPSamplerBase: Existing CookieManager HTTP Cookie Manager superseded by HTTP Cookie Manager
2025-04-15 03:36:06,051 INFO o.a.j.t.JMeterThread: Thread is done: Post Load Test Users 1-36
2025-04-15 03:36:06,051 INFO o.a.j.t.JMeterThread: Thread finished: Post Load Test Users 1-36
2025-04-15 03:36:06,075 INFO o.a.j.t.JMeterThread: Thread started: Post Load Test Users 1-40
2025-04-15 03:36:06,107 WARN o.a.j.p.h.s.HTTPSamplerBase: Existing CookieManager HTTP Cookie Manager superseded by HTTP Cookie Manager
2025-04-15 03:36:06,166 WARN o.a.j.p.h.s.HTTPSamplerBase: Existing CookieManager HTTP Cookie Manager superseded by HTTP Cookie Manager
2025-04-15 03:36:06,184 WARN o.a.j.p.h.s.HTTPSamplerBase: Existing CookieManager HTTP Cookie Manager superseded by HTTP Cookie Manager
2025-04-15 03:36:06,235 WARN o.a.j.p.h.s.HTTPSamplerBase: Existing CookieManager HTTP Cookie Manager superseded by HTTP Cookie Manager
2025-04-15 03:36:06,263 INFO o.a.j.t.JMeterThread: Thread is done: Post Load Test Users 1-37
2025-04-15 03:36:06,263 INFO o.a.j.t.JMeterThread: Thread finished: Post Load Test Users 1-37
2025-04-15 03:36:06,272 INFO o.a.j.t.JMeterThread: Thread started: Post Load Test Users 1-41
2025-04-15 03:36:06,317 WARN o.a.j.p.h.s.HTTPSamplerBase: Existing CookieManager HTTP Cookie Manager superseded by HTTP Cookie Manager
2025-04-15 03:36:06,339 WARN o.a.j.p.h.s.HTTPSamplerBase: Existing CookieManager HTTP Cookie Manager superseded by HTTP Cookie Manager
2025-04-15 03:36:06,400 WARN o.a.j.p.h.s.HTTPSamplerBase: Existing CookieManager HTTP Cookie Manager superseded by HTTP Cookie Manager
2025-04-15 03:36:06,430 WARN o.a.j.p.h.s.HTTPSamplerBase: Existing CookieManager HTTP Cookie Manager superseded by HTTP Cookie Manager
2025-04-15 03:36:06,470 INFO o.a.j.t.JMeterThread: Thread started: Post Load Test Users 1-42
2025-04-15 03:36:06,476 INFO o.a.j.t.JMeterThread: Thread is done: Post Load Test Users 1-38
2025-04-15 03:36:06,477 INFO o.a.j.t.JMeterThread: Thread finished: Post Load Test Users 1-38
2025-04-15 03:36:06,503 WARN o.a.j.p.h.s.HTTPSamplerBase: Existing CookieManager HTTP Cookie Manager superseded by HTTP Cookie Manager
2025-04-15 03:36:06,563 WARN o.a.j.p.h.s.HTTPSamplerBase: Existing CookieManager HTTP Cookie Manager superseded by HTTP Cookie Manager
2025-04-15 03:36:06,591 WARN o.a.j.p.h.s.HTTPSamplerBase: Existing CookieManager HTTP Cookie Manager superseded by HTTP Cookie Manager
2025-04-15 03:36:06,641 WARN o.a.j.p.h.s.HTTPSamplerBase: Existing CookieManager HTTP Cookie Manager superseded by HTTP Cookie Manager
2025-04-15 03:36:06,666 INFO o.a.j.t.JMeterThread: Thread is done: Post Load Test Users 1-39
2025-04-15 03:36:06,666 INFO o.a.j.t.JMeterThread: Thread finished: Post Load Test Users 1-39
2025-04-15 03:36:06,672 INFO o.a.j.t.JMeterThread: Thread started: Post Load Test Users 1-43
2025-04-15 03:36:06,729 WARN o.a.j.p.h.s.HTTPSamplerBase: Existing CookieManager HTTP Cookie Manager superseded by HTTP Cookie Manager
2025-04-15 03:36:06,746 WARN o.a.j.p.h.s.HTTPSamplerBase: Existing CookieManager HTTP Cookie Manager superseded by HTTP Cookie Manager
2025-04-15 03:36:06,802 WARN o.a.j.p.h.s.HTTPSamplerBase: Existing CookieManager HTTP Cookie Manager superseded by HTTP Cookie Manager
2025-04-15 03:36:06,828 WARN o.a.j.p.h.s.HTTPSamplerBase: Existing CookieManager HTTP Cookie Manager superseded by HTTP Cookie Manager
2025-04-15 03:36:06,874 INFO o.a.j.t.JMeterThread: Thread started: Post Load Test Users 1-44
2025-04-15 03:36:06,891 INFO o.a.j.t.JMeterThread: Thread is done: Post Load Test Users 1-40
2025-04-15 03:36:06,891 INFO o.a.j.t.JMeterThread: Thread finished: Post Load Test Users 1-40
2025-04-15 03:36:06,907 WARN o.a.j.p.h.s.HTTPSamplerBase: Existing CookieManager HTTP Cookie Manager superseded by HTTP Cookie Manager
2025-04-15 03:36:06,959 WARN o.a.j.p.h.s.HTTPSamplerBase: Existing CookieManager HTTP Cookie Manager superseded by HTTP Cookie Manager
2025-04-15 03:36:06,985 WARN o.a.j.p.h.s.HTTPSamplerBase: Existing CookieManager HTTP Cookie Manager superseded by HTTP Cookie Manager
2025-04-15 03:36:07,038 WARN o.a.j.p.h.s.HTTPSamplerBase: Existing CookieManager HTTP Cookie Manager superseded by HTTP Cookie Manager
2025-04-15 03:36:07,065 INFO o.a.j.t.JMeterThread: Thread is done: Post Load Test Users 1-41
2025-04-15 03:36:07,065 INFO o.a.j.t.JMeterThread: Thread finished: Post Load Test Users 1-41
2025-04-15 03:36:07,073 INFO o.a.j.t.JMeterThread: Thread started: Post Load Test Users 1-45
2025-04-15 03:36:07,119 WARN o.a.j.p.h.s.HTTPSamplerBase: Existing CookieManager HTTP Cookie Manager superseded by HTTP Cookie Manager
2025-04-15 03:36:07,143 WARN o.a.j.p.h.s.HTTPSamplerBase: Existing CookieManager HTTP Cookie Manager superseded by HTTP Cookie Manager
2025-04-15 03:36:07,194 WARN o.a.j.p.h.s.HTTPSamplerBase: Existing CookieManager HTTP Cookie Manager superseded by HTTP Cookie Manager
2025-04-15 03:36:07,235 WARN o.a.j.p.h.s.HTTPSamplerBase: Existing CookieManager HTTP Cookie Manager superseded by HTTP Cookie Manager
2025-04-15 03:36:07,271 INFO o.a.j.t.JMeterThread: Thread started: Post Load Test Users 1-46
2025-04-15 03:36:07,278 INFO o.a.j.t.JMeterThread: Thread is done: Post Load Test Users 1-42
2025-04-15 03:36:07,278 INFO o.a.j.t.JMeterThread: Thread finished: Post Load Test Users 1-42
2025-04-15 03:36:07,304 WARN o.a.j.p.h.s.HTTPSamplerBase: Existing CookieManager HTTP Cookie Manager superseded by HTTP Cookie Manager
2025-04-15 03:36:07,352 WARN o.a.j.p.h.s.HTTPSamplerBase: Existing CookieManager HTTP Cookie Manager superseded by HTTP Cookie Manager
2025-04-15 03:36:07,389 WARN o.a.j.p.h.s.HTTPSamplerBase: Existing CookieManager HTTP Cookie Manager superseded by HTTP Cookie Manager
2025-04-15 03:36:07,433 WARN o.a.j.p.h.s.HTTPSamplerBase: Existing CookieManager HTTP Cookie Manager superseded by HTTP Cookie Manager
2025-04-15 03:36:07,464 INFO o.a.j.t.JMeterThread: Thread is done: Post Load Test Users 1-43
2025-04-15 03:36:07,464 INFO o.a.j.t.JMeterThread: Thread finished: Post Load Test Users 1-43
2025-04-15 03:36:07,473 INFO o.a.j.t.JMeterThread: Thread started: Post Load Test Users 1-47
2025-04-15 03:36:07,512 WARN o.a.j.p.h.s.HTTPSamplerBase: Existing CookieManager HTTP Cookie Manager superseded by HTTP Cookie Manager
2025-04-15 03:36:07,545 WARN o.a.j.p.h.s.HTTPSamplerBase: Existing CookieManager HTTP Cookie Manager superseded by HTTP Cookie Manager
2025-04-15 03:36:07,591 WARN o.a.j.p.h.s.HTTPSamplerBase: Existing CookieManager HTTP Cookie Manager superseded by HTTP Cookie Manager
2025-04-15 03:36:07,630 WARN o.a.j.p.h.s.HTTPSamplerBase: Existing CookieManager HTTP Cookie Manager superseded by HTTP Cookie Manager
2025-04-15 03:36:07,672 INFO o.a.j.t.JMeterThread: Thread started: Post Load Test Users 1-48
2025-04-15 03:36:07,675 INFO o.a.j.t.JMeterThread: Thread is done: Post Load Test Users 1-44
2025-04-15 03:36:07,676 INFO o.a.j.t.JMeterThread: Thread finished: Post Load Test Users 1-44
2025-04-15 03:36:07,699 WARN o.a.j.p.h.s.HTTPSamplerBase: Existing CookieManager HTTP Cookie Manager superseded by HTTP Cookie Manager
2025-04-15 03:36:07,748 WARN o.a.j.p.h.s.HTTPSamplerBase: Existing CookieManager HTTP Cookie Manager superseded by HTTP Cookie Manager
2025-04-15 03:36:07,794 WARN o.a.j.p.h.s.HTTPSamplerBase: Existing CookieManager HTTP Cookie Manager superseded by HTTP Cookie Manager
2025-04-15 03:36:07,829 WARN o.a.j.p.h.s.HTTPSamplerBase: Existing CookieManager HTTP Cookie Manager superseded by HTTP Cookie Manager
2025-04-15 03:36:07,864 INFO o.a.j.t.JMeterThread: Thread is done: Post Load Test Users 1-45
2025-04-15 03:36:07,864 INFO o.a.j.t.JMeterThread: Thread finished: Post Load Test Users 1-45
2025-04-15 03:36:07,869 INFO o.a.j.t.JMeterThread: Thread started: Post Load Test Users 1-49
2025-04-15 03:36:07,908 WARN o.a.j.p.h.s.HTTPSamplerBase: Existing CookieManager HTTP Cookie Manager superseded by HTTP Cookie Manager
2025-04-15 03:36:07,950 WARN o.a.j.p.h.s.HTTPSamplerBase: Existing CookieManager HTTP Cookie Manager superseded by HTTP Cookie Manager
2025-04-15 03:36:07,986 WARN o.a.j.p.h.s.HTTPSamplerBase: Existing CookieManager HTTP Cookie Manager superseded by HTTP Cookie Manager
2025-04-15 03:36:08,030 WARN o.a.j.p.h.s.HTTPSamplerBase: Existing CookieManager HTTP Cookie Manager superseded by HTTP Cookie Manager
2025-04-15 03:36:08,065 INFO o.a.j.t.JMeterThread: Thread is done: Post Load Test Users 1-46
2025-04-15 03:36:08,065 INFO o.a.j.t.JMeterThread: Thread finished: Post Load Test Users 1-46
2025-04-15 03:36:08,066 INFO o.a.j.t.JMeterThread: Thread started: Post Load Test Users 1-50
2025-04-15 03:36:08,108 WARN o.a.j.p.h.s.HTTPSamplerBase: Existing CookieManager HTTP Cookie Manager superseded by HTTP Cookie Manager
2025-04-15 03:36:08,146 WARN o.a.j.p.h.s.HTTPSamplerBase: Existing CookieManager HTTP Cookie Manager superseded by HTTP Cookie Manager
2025-04-15 03:36:08,188 WARN o.a.j.p.h.s.HTTPSamplerBase: Existing CookieManager HTTP Cookie Manager superseded by HTTP Cookie Manager
2025-04-15 03:36:08,221 WARN o.a.j.p.h.s.HTTPSamplerBase: Existing CookieManager HTTP Cookie Manager superseded by HTTP Cookie Manager
2025-04-15 03:36:08,261 INFO o.a.j.t.JMeterThread: Thread is done: Post Load Test Users 1-47
2025-04-15 03:36:08,261 INFO o.a.j.t.JMeterThread: Thread finished: Post Load Test Users 1-47
2025-04-15 03:36:08,300 WARN o.a.j.p.h.s.HTTPSamplerBase: Existing CookieManager HTTP Cookie Manager superseded by HTTP Cookie Manager
2025-04-15 03:36:08,356 WARN o.a.j.p.h.s.HTTPSamplerBase: Existing CookieManager HTTP Cookie Manager superseded by HTTP Cookie Manager
2025-04-15 03:36:08,393 WARN o.a.j.p.h.s.HTTPSamplerBase: Existing CookieManager HTTP Cookie Manager superseded by HTTP Cookie Manager
2025-04-15 03:36:08,459 INFO o.a.j.t.JMeterThread: Thread is done: Post Load Test Users 1-48
2025-04-15 03:36:08,459 INFO o.a.j.t.JMeterThread: Thread finished: Post Load Test Users 1-48
2025-04-15 03:36:08,510 WARN o.a.j.p.h.s.HTTPSamplerBase: Existing CookieManager HTTP Cookie Manager superseded by HTTP Cookie Manager
2025-04-15 03:36:08,541 WARN o.a.j.p.h.s.HTTPSamplerBase: Existing CookieManager HTTP Cookie Manager superseded by HTTP Cookie Manager
2025-04-15 03:36:08,655 INFO o.a.j.t.JMeterThread: Thread is done: Post Load Test Users 1-49
2025-04-15 03:36:08,655 INFO o.a.j.t.JMeterThread: Thread finished: Post Load Test Users 1-49
2025-04-15 03:36:08,685 WARN o.a.j.p.h.s.HTTPSamplerBase: Existing CookieManager HTTP Cookie Manager superseded by HTTP Cookie Manager
2025-04-15 03:36:08,829 INFO o.a.j.t.JMeterThread: Thread is done: Post Load Test Users 1-50
2025-04-15 03:36:08,829 INFO o.a.j.t.JMeterThread: Thread finished: Post Load Test Users 1-50
2025-04-15 03:36:08,830 INFO o.a.j.e.StandardJMeterEngine: Notifying test listeners of end of test
2025-04-15 03:36:08,830 INFO o.a.j.s.FileServer: Close: /Users/hangyeollee/IdeaProjects/Develogram/loadtest/users.csv
2025-04-15 03:36:08,834 INFO o.a.j.r.Summariser: summary +   1301 in 00:00:09 =  147.4/s Avg:    26 Min:     0 Max:   221 Err:     0 (0.00%) Active: 0 Started: 50 Finished: 50
2025-04-15 03:36:08,834 INFO o.a.j.r.Summariser: summary =   1500 in 00:00:11 =  141.5/s Avg:    27 Min:     0 Max:   221 Err:     6 (0.40%)
2025-04-15 03:36:08,835 INFO o.a.j.JMeter: Generating Dashboard
2025-04-15 03:36:08,835 INFO o.a.j.r.d.ReportGenerator: Flushing result collector before report Generation
2025-04-15 03:36:08,847 INFO o.a.j.r.p.NormalizerSampleConsumer: Using format, 'ms', to parse timeStamp field
2025-04-15 03:36:08,900 INFO o.a.j.r.p.AbstractSampleConsumer: class org.apache.jmeter.report.processor.AggregateConsumer#stopProducing(): beginDate produced 0 samples
2025-04-15 03:36:08,900 INFO o.a.j.r.p.AbstractSampleConsumer: class org.apache.jmeter.report.processor.AggregateConsumer#stopProducing(): endDate produced 0 samples
2025-04-15 03:36:08,901 INFO o.a.j.r.p.AbstractSampleConsumer: class org.apache.jmeter.report.processor.ApdexSummaryConsumer#stopProducing(): apdexSummary produced 0 samples
2025-04-15 03:36:08,901 INFO o.a.j.r.p.AbstractSampleConsumer: class org.apache.jmeter.report.processor.RequestsSummaryConsumer#stopProducing(): requestsSummary produced 0 samples
2025-04-15 03:36:08,903 INFO o.a.j.r.p.AbstractSampleConsumer: class org.apache.jmeter.report.processor.StatisticsSummaryConsumer#stopProducing(): statisticsSummary produced 0 samples
2025-04-15 03:36:08,904 INFO o.a.j.r.p.AbstractSampleConsumer: class org.apache.jmeter.report.processor.Top5ErrorsBySamplerConsumer#stopProducing(): top5ErrorsBySampler produced 0 samples
2025-04-15 03:36:08,904 INFO o.a.j.r.p.AbstractSampleConsumer: class org.apache.jmeter.report.processor.ErrorsSummaryConsumer#stopProducing(): errorsSummary produced 0 samples
2025-04-15 03:36:08,904 INFO o.a.j.r.p.AbstractSampleConsumer: class org.apache.jmeter.report.processor.graph.impl.HitsPerSecondGraphConsumer#stopProducing(): hitsPerSecond produced 0 samples
2025-04-15 03:36:08,917 INFO o.a.j.r.p.AbstractSampleConsumer: class org.apache.jmeter.report.processor.graph.impl.LatencyVSRequestGraphConsumer#stopProducing(): latencyVsRequest produced 0 samples
2025-04-15 03:36:08,917 INFO o.a.j.r.p.AbstractSampleConsumer: class org.apache.jmeter.report.processor.graph.impl.SyntheticResponseTimeDistributionGraphConsumer#stopProducing(): syntheticResponseTimeDistribution produced 0 samples
2025-04-15 03:36:08,917 INFO o.a.j.r.p.AbstractSampleConsumer: class org.apache.jmeter.report.processor.graph.impl.BytesThroughputGraphConsumer#stopProducing(): bytesThroughputOverTime produced 0 samples
2025-04-15 03:36:08,917 INFO o.a.j.r.p.AbstractSampleConsumer: class org.apache.jmeter.report.processor.graph.impl.CodesPerSecondGraphConsumer#stopProducing(): codesPerSecond produced 0 samples
2025-04-15 03:36:08,922 INFO o.a.j.r.p.AbstractSampleConsumer: class org.apache.jmeter.report.processor.graph.impl.ResponseTimeVSRequestGraphConsumer#stopProducing(): responseTimeVsRequest produced 0 samples
2025-04-15 03:36:08,922 INFO o.a.j.r.p.AbstractSampleConsumer: class org.apache.jmeter.report.processor.FilterConsumer#stopProducing(): startIntervalControlerFilter produced 10500 samples
2025-04-15 03:36:08,922 INFO o.a.j.r.p.AbstractSampleConsumer: class org.apache.jmeter.report.processor.graph.impl.TotalTPSGraphConsumer#stopProducing(): totalTPS produced 0 samples
2025-04-15 03:36:08,922 INFO o.a.j.r.p.AbstractSampleConsumer: class org.apache.jmeter.report.processor.graph.impl.ActiveThreadsGraphConsumer#stopProducing(): activeThreadsOverTime produced 0 samples
2025-04-15 03:36:08,922 INFO o.a.j.r.p.AbstractSampleConsumer: class org.apache.jmeter.report.processor.graph.impl.TimeVSThreadGraphConsumer#stopProducing(): timeVsThreads produced 0 samples
2025-04-15 03:36:08,923 INFO o.a.j.r.p.AbstractSampleConsumer: class org.apache.jmeter.report.processor.graph.impl.ResponseTimeDistributionGraphConsumer#stopProducing(): responseTimeDistribution produced 0 samples
2025-04-15 03:36:08,923 INFO o.a.j.r.p.AbstractSampleConsumer: class org.apache.jmeter.report.processor.graph.impl.TransactionsPerSecondGraphConsumer#stopProducing(): transactionsPerSecond produced 0 samples
2025-04-15 03:36:08,923 INFO o.a.j.r.p.AbstractSampleConsumer: class org.apache.jmeter.report.processor.graph.impl.ResponseTimePercentilesGraphConsumer#stopProducing(): responseTimePercentiles produced 0 samples
2025-04-15 03:36:08,923 INFO o.a.j.r.p.AbstractSampleConsumer: class org.apache.jmeter.report.processor.graph.impl.ResponseTimePercentilesOverTimeGraphConsumer#stopProducing(): responseTimePercentilesOverTime produced 0 samples
2025-04-15 03:36:08,924 INFO o.a.j.r.p.AbstractSampleConsumer: class org.apache.jmeter.report.processor.graph.impl.ResponseTimeOverTimeGraphConsumer#stopProducing(): responseTimesOverTime produced 0 samples
2025-04-15 03:36:08,924 INFO o.a.j.r.p.AbstractSampleConsumer: class org.apache.jmeter.report.processor.graph.impl.ConnectTimeOverTimeGraphConsumer#stopProducing(): connectTimeOverTime produced 0 samples
2025-04-15 03:36:08,924 INFO o.a.j.r.p.AbstractSampleConsumer: class org.apache.jmeter.report.processor.graph.impl.LatencyOverTimeGraphConsumer#stopProducing(): latenciesOverTime produced 0 samples
2025-04-15 03:36:08,924 INFO o.a.j.r.p.AbstractSampleConsumer: class org.apache.jmeter.report.processor.FilterConsumer#stopProducing(): nameFilter produced 22500 samples
2025-04-15 03:36:08,924 INFO o.a.j.r.p.AbstractSampleConsumer: class org.apache.jmeter.report.processor.FilterConsumer#stopProducing(): dateRangeFilter produced 4500 samples
2025-04-15 03:36:08,924 INFO o.a.j.r.p.AbstractSampleConsumer: class org.apache.jmeter.report.processor.NormalizerSampleConsumer#stopProducing(): normalizer produced 1500 samples
2025-04-15 03:36:08,924 INFO o.a.j.r.p.CsvFileSampleSource: produce(): 1500 samples produced in 66ms on channel 0
2025-04-15 03:36:08,924 INFO o.a.j.r.d.ReportGenerator: Exporting data using exporter:'json' of className:'org.apache.jmeter.report.dashboard.JsonExporter'
2025-04-15 03:36:08,956 INFO o.a.j.r.d.JsonExporter: Found data for consumer statisticsSummaryin context
2025-04-15 03:36:08,956 INFO o.a.j.r.d.JsonExporter: Creating statistics for overall
2025-04-15 03:36:08,957 INFO o.a.j.r.d.JsonExporter: Creating statistics for other transactions
2025-04-15 03:36:08,957 INFO o.a.j.r.d.JsonExporter: Checking output folder
2025-04-15 03:36:08,957 INFO o.a.j.r.d.JsonExporter: Writing statistics JSON to /Users/hangyeollee/IdeaProjects/Develogram/loadtest/results/html_report/statistics.json
2025-04-15 03:36:08,972 INFO o.a.j.r.d.ReportGenerator: Exporting data using exporter:'html' of className:'org.apache.jmeter.report.dashboard.HtmlTemplateExporter'
2025-04-15 03:36:08,973 INFO o.a.j.r.d.HtmlTemplateExporter: Will generate dashboard in folder: /Users/hangyeollee/IdeaProjects/Develogram/loadtest/results/html_report
2025-04-15 03:36:09,012 INFO o.a.j.r.d.HtmlTemplateExporter: Report will be generated in: /Users/hangyeollee/IdeaProjects/Develogram/loadtest/results/html_report, creating folder structure
2025-04-15 03:36:09,014 INFO o.a.j.r.d.TemplateVisitor: Copying folder from '/opt/homebrew/Cellar/jmeter/5.6.3/libexec/bin/report-template' to '/Users/hangyeollee/IdeaProjects/Develogram/loadtest/results/html_report', got message: /Users/hangyeollee/IdeaProjects/Develogram/loadtest/results/html_report, found non empty folder with following content [/Users/hangyeollee/IdeaProjects/Develogram/loadtest/results/html_report/statistics.json], will be ignored
2025-04-15 03:36:09,121 INFO o.a.j.JMeter: Dashboard generated
